<?xml version="1.0" encoding="UTF-8"?>
<!-- Generated by org.testng.reporters.JUnitReportReporter -->
<testsuite hostname="LPTP-DD" failures="0" tests="1" name="APW_Run.APW_run_TestCases" time="24.512" errors="0" timestamp="2023-10-17T22:09:52 EDT" skipped="0">
  <testcase classname="APW_Run.APW_run_TestCases" name="recommandedProduct_Cart" time="24.512"/>
</testsuite> <!-- APW_Run.APW_run_TestCases -->
